<?xml version="1.0" encoding="UTF-8"?>
<testng-results ignored="0" total="1" passed="1" failed="0" skipped="0">
  <reporter-output>
  </reporter-output>
  <suite started-at="2023-03-29T22:40:37 IST" name="Default suite" finished-at="2023-03-29T22:40:47 IST" duration-ms="9542">
    <groups>
    </groups>
    <test started-at="2023-03-29T22:40:37 IST" name="Default test" finished-at="2023-03-29T22:40:47 IST" duration-ms="9542">
      <class name="RahulAcademy.ExtentReports.ExtentReportDemo">
        <test-method is-config="true" signature="config()[pri:0, instance:RahulAcademy.ExtentReports.ExtentReportDemo@6c1a5b54]" started-at="2023-03-29T22:40:37 IST" name="config" finished-at="2023-03-29T22:40:38 IST" duration-ms="388" status="PASS">
          <reporter-output>
          </reporter-output>
        </test-method> <!-- config -->
        <test-method signature="initialDemo()[pri:0, instance:RahulAcademy.ExtentReports.ExtentReportDemo@6c1a5b54]" started-at="2023-03-29T22:40:38 IST" name="initialDemo" finished-at="2023-03-29T22:40:47 IST" duration-ms="9102" status="PASS">
          <reporter-output>
          </reporter-output>
        </test-method> <!-- initialDemo -->
      </class> <!-- RahulAcademy.ExtentReports.ExtentReportDemo -->
    </test> <!-- Default test -->
  </suite> <!-- Default suite -->
</testng-results>
